2018-09-08 17:35:35.461  INFO 1280 --- [main] com.baoning.website.InitDataTest         : Starting InitDataTest on Captain with PID 1280 (D:\IdeaProject\website\target\test-classes started by baoning in D:\IdeaProject\website)
2018-09-08 17:35:35.469  INFO 1280 --- [main] com.baoning.website.InitDataTest         : No active profile set, falling back to default profiles: default
2018-09-08 17:35:35.531  INFO 1280 --- [main] s.c.a.AnnotationConfigApplicationContext : Refreshing org.springframework.context.annotation.AnnotationConfigApplicationContext@9597028: startup date [Sat Sep 08 17:35:35 CST 2018]; root of context hierarchy
2018-09-08 17:35:38.373  INFO 1280 --- [main] o.s.ui.velocity.SpringResourceLoader     : SpringResourceLoader for Velocity: using resource loader [org.springframework.context.annotation.AnnotationConfigApplicationContext@9597028: startup date [Sat Sep 08 17:35:35 CST 2018]; root of context hierarchy] and resource loader paths [classpath:/templates/]
2018-09-08 17:35:38.467  WARN 1280 --- [main] o.s.b.a.v.VelocityAutoConfiguration      : Cannot find template location: classpath:/templates/ (please add some templates, check your Velocity configuration, or set spring.velocity.checkTemplateLocation=false)
2018-09-08 17:35:38.563  INFO 1280 --- [main] com.baoning.website.InitDataTest         : Started InitDataTest in 3.756 seconds (JVM running for 4.795)
2018-09-08 17:35:39.112  INFO 1280 --- [main] o.s.jdbc.datasource.init.ScriptUtils     : Executing SQL script from class path resource [init-schema.sql]
2018-09-08 17:35:39.119  WARN 1280 --- [main] o.s.test.context.TestContextManager      : Caught exception while allowing TestExecutionListener [org.springframework.test.context.jdbc.SqlScriptsTestExecutionListener@617faa95] to process 'before' execution of test method [public void com.baoning.website.InitDataTest.initData()] for test instance [com.baoning.website.InitDataTest@65e2dbf3]

org.springframework.jdbc.datasource.init.CannotReadScriptException: Cannot read SQL script from class path resource [init-schema.sql]; nested exception is java.io.FileNotFoundException: class path resource [init-schema.sql] cannot be opened because it does not exist
	at org.springframework.jdbc.datasource.init.ScriptUtils.executeSqlScript(ScriptUtils.java:453) ~[spring-jdbc-4.2.7.RELEASE.jar:4.2.7.RELEASE]
	at org.springframework.jdbc.datasource.init.ResourceDatabasePopulator.populate(ResourceDatabasePopulator.java:231) ~[spring-jdbc-4.2.7.RELEASE.jar:4.2.7.RELEASE]
	at org.springframework.jdbc.datasource.init.DatabasePopulatorUtils.execute(DatabasePopulatorUtils.java:48) ~[spring-jdbc-4.2.7.RELEASE.jar:4.2.7.RELEASE]
	at org.springframework.jdbc.datasource.init.ResourceDatabasePopulator.execute(ResourceDatabasePopulator.java:248) ~[spring-jdbc-4.2.7.RELEASE.jar:4.2.7.RELEASE]
	at org.springframework.test.context.jdbc.SqlScriptsTestExecutionListener$1.doInTransactionWithoutResult(SqlScriptsTestExecutionListener.java:252) ~[spring-test-4.2.7.RELEASE.jar:4.2.7.RELEASE]
	at org.springframework.transaction.support.TransactionCallbackWithoutResult.doInTransaction(TransactionCallbackWithoutResult.java:34) ~[spring-tx-4.2.7.RELEASE.jar:4.2.7.RELEASE]
	at org.springframework.transaction.support.TransactionTemplate.execute(TransactionTemplate.java:133) ~[spring-tx-4.2.7.RELEASE.jar:4.2.7.RELEASE]
	at org.springframework.test.context.jdbc.SqlScriptsTestExecutionListener.executeSqlScripts(SqlScriptsTestExecutionListener.java:248) ~[spring-test-4.2.7.RELEASE.jar:4.2.7.RELEASE]
	at org.springframework.test.context.jdbc.SqlScriptsTestExecutionListener.executeSqlScripts(SqlScriptsTestExecutionListener.java:143) ~[spring-test-4.2.7.RELEASE.jar:4.2.7.RELEASE]
	at org.springframework.test.context.jdbc.SqlScriptsTestExecutionListener.beforeTestMethod(SqlScriptsTestExecutionListener.java:113) ~[spring-test-4.2.7.RELEASE.jar:4.2.7.RELEASE]
	at org.springframework.test.context.TestContextManager.beforeTestMethod(TestContextManager.java:265) ~[spring-test-4.2.7.RELEASE.jar:4.2.7.RELEASE]
	at org.springframework.test.context.junit4.statements.RunBeforeTestMethodCallbacks.evaluate(RunBeforeTestMethodCallbacks.java:74) [spring-test-4.2.7.RELEASE.jar:4.2.7.RELEASE]
	at org.springframework.test.context.junit4.statements.RunAfterTestMethodCallbacks.evaluate(RunAfterTestMethodCallbacks.java:86) [spring-test-4.2.7.RELEASE.jar:4.2.7.RELEASE]
	at org.springframework.test.context.junit4.statements.SpringRepeat.evaluate(SpringRepeat.java:84) [spring-test-4.2.7.RELEASE.jar:4.2.7.RELEASE]
	at org.junit.runners.ParentRunner.runLeaf(ParentRunner.java:325) [junit-4.12.jar:4.12]
	at org.springframework.test.context.junit4.SpringJUnit4ClassRunner.runChild(SpringJUnit4ClassRunner.java:254) [spring-test-4.2.7.RELEASE.jar:4.2.7.RELEASE]
	at org.springframework.test.context.junit4.SpringJUnit4ClassRunner.runChild(SpringJUnit4ClassRunner.java:89) [spring-test-4.2.7.RELEASE.jar:4.2.7.RELEASE]
	at org.junit.runners.ParentRunner$3.run(ParentRunner.java:290) [junit-4.12.jar:4.12]
	at org.junit.runners.ParentRunner$1.schedule(ParentRunner.java:71) [junit-4.12.jar:4.12]
	at org.junit.runners.ParentRunner.runChildren(ParentRunner.java:288) [junit-4.12.jar:4.12]
	at org.junit.runners.ParentRunner.access$000(ParentRunner.java:58) [junit-4.12.jar:4.12]
	at org.junit.runners.ParentRunner$2.evaluate(ParentRunner.java:268) [junit-4.12.jar:4.12]
	at org.springframework.test.context.junit4.statements.RunBeforeTestClassCallbacks.evaluate(RunBeforeTestClassCallbacks.java:61) [spring-test-4.2.7.RELEASE.jar:4.2.7.RELEASE]
	at org.springframework.test.context.junit4.statements.RunAfterTestClassCallbacks.evaluate(RunAfterTestClassCallbacks.java:70) [spring-test-4.2.7.RELEASE.jar:4.2.7.RELEASE]
	at org.junit.runners.ParentRunner.run(ParentRunner.java:363) [junit-4.12.jar:4.12]
	at org.springframework.test.context.junit4.SpringJUnit4ClassRunner.run(SpringJUnit4ClassRunner.java:193) [spring-test-4.2.7.RELEASE.jar:4.2.7.RELEASE]
	at org.junit.runner.JUnitCore.run(JUnitCore.java:137) [junit-4.12.jar:4.12]
	at com.intellij.junit4.JUnit4IdeaTestRunner.startRunnerWithArgs(JUnit4IdeaTestRunner.java:68) [junit-rt.jar:na]
	at com.intellij.rt.execution.junit.IdeaTestRunner$Repeater.startRunnerWithArgs(IdeaTestRunner.java:47) [junit-rt.jar:na]
	at com.intellij.rt.execution.junit.JUnitStarter.prepareStreamsAndStart(JUnitStarter.java:242) [junit-rt.jar:na]
	at com.intellij.rt.execution.junit.JUnitStarter.main(JUnitStarter.java:70) [junit-rt.jar:na]
Caused by: java.io.FileNotFoundException: class path resource [init-schema.sql] cannot be opened because it does not exist
	at org.springframework.core.io.ClassPathResource.getInputStream(ClassPathResource.java:172) ~[spring-core-4.2.7.RELEASE.jar:4.2.7.RELEASE]
	at org.springframework.core.io.support.EncodedResource.getReader(EncodedResource.java:140) ~[spring-core-4.2.7.RELEASE.jar:4.2.7.RELEASE]
	at org.springframework.jdbc.datasource.init.ScriptUtils.readScript(ScriptUtils.java:281) ~[spring-jdbc-4.2.7.RELEASE.jar:4.2.7.RELEASE]
	at org.springframework.jdbc.datasource.init.ScriptUtils.executeSqlScript(ScriptUtils.java:450) ~[spring-jdbc-4.2.7.RELEASE.jar:4.2.7.RELEASE]
	... 30 common frames omitted

2018-09-08 17:35:39.141  INFO 1280 --- [Thread-2] s.c.a.AnnotationConfigApplicationContext : Closing org.springframework.context.annotation.AnnotationConfigApplicationContext@9597028: startup date [Sat Sep 08 17:35:35 CST 2018]; root of context hierarchy
2018-09-08 17:46:05.937  INFO 8568 --- [main] com.baoning.website.InitDataTest         : Starting InitDataTest on Captain with PID 8568 (D:\IdeaProject\website\target\test-classes started by baoning in D:\IdeaProject\website)
2018-09-08 17:46:05.938  INFO 8568 --- [main] com.baoning.website.InitDataTest         : No active profile set, falling back to default profiles: default
2018-09-08 17:46:05.992  INFO 8568 --- [main] s.c.a.AnnotationConfigApplicationContext : Refreshing org.springframework.context.annotation.AnnotationConfigApplicationContext@9597028: startup date [Sat Sep 08 17:46:05 CST 2018]; root of context hierarchy
2018-09-08 17:46:08.856  INFO 8568 --- [main] o.s.ui.velocity.SpringResourceLoader     : SpringResourceLoader for Velocity: using resource loader [org.springframework.context.annotation.AnnotationConfigApplicationContext@9597028: startup date [Sat Sep 08 17:46:05 CST 2018]; root of context hierarchy] and resource loader paths [classpath:/templates/]
2018-09-08 17:46:08.924  WARN 8568 --- [main] o.s.b.a.v.VelocityAutoConfiguration      : Cannot find template location: classpath:/templates/ (please add some templates, check your Velocity configuration, or set spring.velocity.checkTemplateLocation=false)
2018-09-08 17:46:09.023  INFO 8568 --- [main] com.baoning.website.InitDataTest         : Started InitDataTest in 3.582 seconds (JVM running for 4.523)
2018-09-08 17:46:09.411  INFO 8568 --- [main] o.s.jdbc.datasource.init.ScriptUtils     : Executing SQL script from class path resource [init-schema.sql]
2018-09-08 17:46:09.696  INFO 8568 --- [main] o.s.jdbc.datasource.init.ScriptUtils     : Executed SQL script from class path resource [init-schema.sql] in 285 ms.
2018-09-08 17:46:09.909  INFO 8568 --- [Thread-2] s.c.a.AnnotationConfigApplicationContext : Closing org.springframework.context.annotation.AnnotationConfigApplicationContext@9597028: startup date [Sat Sep 08 17:46:05 CST 2018]; root of context hierarchy
2018-09-08 17:55:01.770  INFO 6672 --- [main] com.baoning.website.InitDataTest         : Starting InitDataTest on Captain with PID 6672 (D:\IdeaProject\website\target\test-classes started by baoning in D:\IdeaProject\website)
2018-09-08 17:55:01.771  INFO 6672 --- [main] com.baoning.website.InitDataTest         : No active profile set, falling back to default profiles: default
2018-09-08 17:55:01.834  INFO 6672 --- [main] s.c.a.AnnotationConfigApplicationContext : Refreshing org.springframework.context.annotation.AnnotationConfigApplicationContext@9597028: startup date [Sat Sep 08 17:55:01 CST 2018]; root of context hierarchy
2018-09-08 17:55:04.662  INFO 6672 --- [main] o.s.ui.velocity.SpringResourceLoader     : SpringResourceLoader for Velocity: using resource loader [org.springframework.context.annotation.AnnotationConfigApplicationContext@9597028: startup date [Sat Sep 08 17:55:01 CST 2018]; root of context hierarchy] and resource loader paths [classpath:/templates/]
2018-09-08 17:55:04.734  WARN 6672 --- [main] o.s.b.a.v.VelocityAutoConfiguration      : Cannot find template location: classpath:/templates/ (please add some templates, check your Velocity configuration, or set spring.velocity.checkTemplateLocation=false)
2018-09-08 17:55:04.840  INFO 6672 --- [main] com.baoning.website.InitDataTest         : Started InitDataTest in 3.613 seconds (JVM running for 4.659)
2018-09-08 17:55:05.239  INFO 6672 --- [main] o.s.jdbc.datasource.init.ScriptUtils     : Executing SQL script from class path resource [init-schema.sql]
2018-09-08 17:55:05.458  INFO 6672 --- [main] o.s.jdbc.datasource.init.ScriptUtils     : Executed SQL script from class path resource [init-schema.sql] in 219 ms.
2018-09-08 17:55:05.918  INFO 6672 --- [Thread-2] s.c.a.AnnotationConfigApplicationContext : Closing org.springframework.context.annotation.AnnotationConfigApplicationContext@9597028: startup date [Sat Sep 08 17:55:01 CST 2018]; root of context hierarchy
2018-09-08 19:34:57.457  INFO 2664 --- [main] com.baoning.website.InitDataTest         : Starting InitDataTest on Captain with PID 2664 (D:\IdeaProject\website\target\test-classes started by baoning in D:\IdeaProject\website)
2018-09-08 19:34:57.458  INFO 2664 --- [main] com.baoning.website.InitDataTest         : No active profile set, falling back to default profiles: default
2018-09-08 19:34:57.544  INFO 2664 --- [main] s.c.a.AnnotationConfigApplicationContext : Refreshing org.springframework.context.annotation.AnnotationConfigApplicationContext@6069db50: startup date [Sat Sep 08 19:34:57 CST 2018]; root of context hierarchy
2018-09-08 19:35:00.115 ERROR 2664 --- [main] o.m.spring.mapper.MapperFactoryBean      : Error while adding the mapper 'interface com.baoning.website.dao.QuestionDao' to configuration.

java.lang.IllegalArgumentException: Mapped Statements collection already contains value for com.baoning.website.dao.QuestionDao.selectLatestQuestions
	at org.apache.ibatis.session.Configuration$StrictMap.put(Configuration.java:837) ~[mybatis-3.4.0.jar:3.4.0]
	at org.apache.ibatis.session.Configuration$StrictMap.put(Configuration.java:809) ~[mybatis-3.4.0.jar:3.4.0]
	at org.apache.ibatis.session.Configuration.addMappedStatement(Configuration.java:633) ~[mybatis-3.4.0.jar:3.4.0]
	at org.apache.ibatis.builder.MapperBuilderAssistant.addMappedStatement(MapperBuilderAssistant.java:302) ~[mybatis-3.4.0.jar:3.4.0]
	at org.apache.ibatis.builder.annotation.MapperAnnotationBuilder.parseStatement(MapperAnnotationBuilder.java:325) ~[mybatis-3.4.0.jar:3.4.0]
	at org.apache.ibatis.builder.annotation.MapperAnnotationBuilder.parse(MapperAnnotationBuilder.java:130) ~[mybatis-3.4.0.jar:3.4.0]
	at org.apache.ibatis.binding.MapperRegistry.addMapper(MapperRegistry.java:72) ~[mybatis-3.4.0.jar:3.4.0]
	at org.apache.ibatis.session.Configuration.addMapper(Configuration.java:706) ~[mybatis-3.4.0.jar:3.4.0]
	at org.mybatis.spring.mapper.MapperFactoryBean.checkDaoConfig(MapperFactoryBean.java:81) ~[mybatis-spring-1.3.0.jar:1.3.0]
	at org.springframework.dao.support.DaoSupport.afterPropertiesSet(DaoSupport.java:44) [spring-tx-4.2.7.RELEASE.jar:4.2.7.RELEASE]
	at org.springframework.beans.factory.support.AbstractAutowireCapableBeanFactory.invokeInitMethods(AbstractAutowireCapableBeanFactory.java:1637) [spring-beans-4.2.7.RELEASE.jar:4.2.7.RELEASE]
	at org.springframework.beans.factory.support.AbstractAutowireCapableBeanFactory.initializeBean(AbstractAutowireCapableBeanFactory.java:1574) [spring-beans-4.2.7.RELEASE.jar:4.2.7.RELEASE]
	at org.springframework.beans.factory.support.AbstractAutowireCapableBeanFactory.doCreateBean(AbstractAutowireCapableBeanFactory.java:545) [spring-beans-4.2.7.RELEASE.jar:4.2.7.RELEASE]
	at org.springframework.beans.factory.support.AbstractAutowireCapableBeanFactory.createBean(AbstractAutowireCapableBeanFactory.java:482) [spring-beans-4.2.7.RELEASE.jar:4.2.7.RELEASE]
	at org.springframework.beans.factory.support.AbstractBeanFactory$1.getObject(AbstractBeanFactory.java:306) [spring-beans-4.2.7.RELEASE.jar:4.2.7.RELEASE]
	at org.springframework.beans.factory.support.DefaultSingletonBeanRegistry.getSingleton(DefaultSingletonBeanRegistry.java:230) [spring-beans-4.2.7.RELEASE.jar:4.2.7.RELEASE]
	at org.springframework.beans.factory.support.AbstractBeanFactory.doGetBean(AbstractBeanFactory.java:302) [spring-beans-4.2.7.RELEASE.jar:4.2.7.RELEASE]
	at org.springframework.beans.factory.support.AbstractBeanFactory.getBean(AbstractBeanFactory.java:197) [spring-beans-4.2.7.RELEASE.jar:4.2.7.RELEASE]
	at org.springframework.beans.factory.support.DefaultListableBeanFactory.preInstantiateSingletons(DefaultListableBeanFactory.java:753) [spring-beans-4.2.7.RELEASE.jar:4.2.7.RELEASE]
	at org.springframework.context.support.AbstractApplicationContext.finishBeanFactoryInitialization(AbstractApplicationContext.java:839) [spring-context-4.2.7.RELEASE.jar:4.2.7.RELEASE]
	at org.springframework.context.support.AbstractApplicationContext.refresh(AbstractApplicationContext.java:538) [spring-context-4.2.7.RELEASE.jar:4.2.7.RELEASE]
	at org.springframework.boot.SpringApplication.refresh(SpringApplication.java:760) [spring-boot-1.3.6.RELEASE.jar:1.3.6.RELEASE]
	at org.springframework.boot.SpringApplication.createAndRefreshContext(SpringApplication.java:360) [spring-boot-1.3.6.RELEASE.jar:1.3.6.RELEASE]
	at org.springframework.boot.SpringApplication.run(SpringApplication.java:306) [spring-boot-1.3.6.RELEASE.jar:1.3.6.RELEASE]
	at org.springframework.boot.test.SpringApplicationContextLoader.loadContext(SpringApplicationContextLoader.java:98) [spring-boot-1.3.6.RELEASE.jar:1.3.6.RELEASE]
	at org.springframework.test.context.cache.DefaultCacheAwareContextLoaderDelegate.loadContextInternal(DefaultCacheAwareContextLoaderDelegate.java:98) [spring-test-4.2.7.RELEASE.jar:4.2.7.RELEASE]
	at org.springframework.test.context.cache.DefaultCacheAwareContextLoaderDelegate.loadContext(DefaultCacheAwareContextLoaderDelegate.java:116) [spring-test-4.2.7.RELEASE.jar:4.2.7.RELEASE]
	at org.springframework.test.context.support.DefaultTestContext.getApplicationContext(DefaultTestContext.java:83) [spring-test-4.2.7.RELEASE.jar:4.2.7.RELEASE]
	at org.springframework.test.context.support.DependencyInjectionTestExecutionListener.injectDependencies(DependencyInjectionTestExecutionListener.java:117) [spring-test-4.2.7.RELEASE.jar:4.2.7.RELEASE]
	at org.springframework.test.context.support.DependencyInjectionTestExecutionListener.prepareTestInstance(DependencyInjectionTestExecutionListener.java:83) [spring-test-4.2.7.RELEASE.jar:4.2.7.RELEASE]
	at org.springframework.test.context.TestContextManager.prepareTestInstance(TestContextManager.java:228) [spring-test-4.2.7.RELEASE.jar:4.2.7.RELEASE]
	at org.springframework.test.context.junit4.SpringJUnit4ClassRunner.createTest(SpringJUnit4ClassRunner.java:230) [spring-test-4.2.7.RELEASE.jar:4.2.7.RELEASE]
	at org.springframework.test.context.junit4.SpringJUnit4ClassRunner$1.runReflectiveCall(SpringJUnit4ClassRunner.java:289) [spring-test-4.2.7.RELEASE.jar:4.2.7.RELEASE]
	at org.junit.internal.runners.model.ReflectiveCallable.run(ReflectiveCallable.java:12) [junit-4.12.jar:4.12]
	at org.springframework.test.context.junit4.SpringJUnit4ClassRunner.methodBlock(SpringJUnit4ClassRunner.java:291) [spring-test-4.2.7.RELEASE.jar:4.2.7.RELEASE]
	at org.springframework.test.context.junit4.SpringJUnit4ClassRunner.runChild(SpringJUnit4ClassRunner.java:249) [spring-test-4.2.7.RELEASE.jar:4.2.7.RELEASE]
	at org.springframework.test.context.junit4.SpringJUnit4ClassRunner.runChild(SpringJUnit4ClassRunner.java:89) [spring-test-4.2.7.RELEASE.jar:4.2.7.RELEASE]
	at org.junit.runners.ParentRunner$3.run(ParentRunner.java:290) [junit-4.12.jar:4.12]
	at org.junit.runners.ParentRunner$1.schedule(ParentRunner.java:71) [junit-4.12.jar:4.12]
	at org.junit.runners.ParentRunner.runChildren(ParentRunner.java:288) [junit-4.12.jar:4.12]
	at org.junit.runners.ParentRunner.access$000(ParentRunner.java:58) [junit-4.12.jar:4.12]
	at org.junit.runners.ParentRunner$2.evaluate(ParentRunner.java:268) [junit-4.12.jar:4.12]
	at org.springframework.test.context.junit4.statements.RunBeforeTestClassCallbacks.evaluate(RunBeforeTestClassCallbacks.java:61) [spring-test-4.2.7.RELEASE.jar:4.2.7.RELEASE]
	at org.springframework.test.context.junit4.statements.RunAfterTestClassCallbacks.evaluate(RunAfterTestClassCallbacks.java:70) [spring-test-4.2.7.RELEASE.jar:4.2.7.RELEASE]
	at org.junit.runners.ParentRunner.run(ParentRunner.java:363) [junit-4.12.jar:4.12]
	at org.springframework.test.context.junit4.SpringJUnit4ClassRunner.run(SpringJUnit4ClassRunner.java:193) [spring-test-4.2.7.RELEASE.jar:4.2.7.RELEASE]
	at org.junit.runner.JUnitCore.run(JUnitCore.java:137) [junit-4.12.jar:4.12]
	at com.intellij.junit4.JUnit4IdeaTestRunner.startRunnerWithArgs(JUnit4IdeaTestRunner.java:68) [junit-rt.jar:na]
	at com.intellij.rt.execution.junit.IdeaTestRunner$Repeater.startRunnerWithArgs(IdeaTestRunner.java:47) [junit-rt.jar:na]
	at com.intellij.rt.execution.junit.JUnitStarter.prepareStreamsAndStart(JUnitStarter.java:242) [junit-rt.jar:na]
	at com.intellij.rt.execution.junit.JUnitStarter.main(JUnitStarter.java:70) [junit-rt.jar:na]

2018-09-08 19:35:00.117  WARN 2664 --- [main] s.c.a.AnnotationConfigApplicationContext : Exception encountered during context initialization - cancelling refresh attempt: org.springframework.beans.factory.BeanCreationException: Error creating bean with name 'questionDao' defined in file [D:\IdeaProject\website\target\classes\com\baoning\website\dao\QuestionDao.class]: Invocation of init method failed; nested exception is java.lang.IllegalArgumentException: java.lang.IllegalArgumentException: Mapped Statements collection already contains value for com.baoning.website.dao.QuestionDao.selectLatestQuestions
2018-09-08 19:35:00.122 ERROR 2664 --- [main] o.s.boot.SpringApplication               : Application startup failed

org.springframework.beans.factory.BeanCreationException: Error creating bean with name 'questionDao' defined in file [D:\IdeaProject\website\target\classes\com\baoning\website\dao\QuestionDao.class]: Invocation of init method failed; nested exception is java.lang.IllegalArgumentException: java.lang.IllegalArgumentException: Mapped Statements collection already contains value for com.baoning.website.dao.QuestionDao.selectLatestQuestions
	at org.springframework.beans.factory.support.AbstractAutowireCapableBeanFactory.initializeBean(AbstractAutowireCapableBeanFactory.java:1578) ~[spring-beans-4.2.7.RELEASE.jar:4.2.7.RELEASE]
	at org.springframework.beans.factory.support.AbstractAutowireCapableBeanFactory.doCreateBean(AbstractAutowireCapableBeanFactory.java:545) ~[spring-beans-4.2.7.RELEASE.jar:4.2.7.RELEASE]
	at org.springframework.beans.factory.support.AbstractAutowireCapableBeanFactory.createBean(AbstractAutowireCapableBeanFactory.java:482) ~[spring-beans-4.2.7.RELEASE.jar:4.2.7.RELEASE]
	at org.springframework.beans.factory.support.AbstractBeanFactory$1.getObject(AbstractBeanFactory.java:306) ~[spring-beans-4.2.7.RELEASE.jar:4.2.7.RELEASE]
	at org.springframework.beans.factory.support.DefaultSingletonBeanRegistry.getSingleton(DefaultSingletonBeanRegistry.java:230) ~[spring-beans-4.2.7.RELEASE.jar:4.2.7.RELEASE]
	at org.springframework.beans.factory.support.AbstractBeanFactory.doGetBean(AbstractBeanFactory.java:302) ~[spring-beans-4.2.7.RELEASE.jar:4.2.7.RELEASE]
	at org.springframework.beans.factory.support.AbstractBeanFactory.getBean(AbstractBeanFactory.java:197) ~[spring-beans-4.2.7.RELEASE.jar:4.2.7.RELEASE]
	at org.springframework.beans.factory.support.DefaultListableBeanFactory.preInstantiateSingletons(DefaultListableBeanFactory.java:753) ~[spring-beans-4.2.7.RELEASE.jar:4.2.7.RELEASE]
	at org.springframework.context.support.AbstractApplicationContext.finishBeanFactoryInitialization(AbstractApplicationContext.java:839) ~[spring-context-4.2.7.RELEASE.jar:4.2.7.RELEASE]
	at org.springframework.context.support.AbstractApplicationContext.refresh(AbstractApplicationContext.java:538) ~[spring-context-4.2.7.RELEASE.jar:4.2.7.RELEASE]
	at org.springframework.boot.SpringApplication.refresh(SpringApplication.java:760) ~[spring-boot-1.3.6.RELEASE.jar:1.3.6.RELEASE]
	at org.springframework.boot.SpringApplication.createAndRefreshContext(SpringApplication.java:360) ~[spring-boot-1.3.6.RELEASE.jar:1.3.6.RELEASE]
	at org.springframework.boot.SpringApplication.run(SpringApplication.java:306) ~[spring-boot-1.3.6.RELEASE.jar:1.3.6.RELEASE]
	at org.springframework.boot.test.SpringApplicationContextLoader.loadContext(SpringApplicationContextLoader.java:98) [spring-boot-1.3.6.RELEASE.jar:1.3.6.RELEASE]
	at org.springframework.test.context.cache.DefaultCacheAwareContextLoaderDelegate.loadContextInternal(DefaultCacheAwareContextLoaderDelegate.java:98) [spring-test-4.2.7.RELEASE.jar:4.2.7.RELEASE]
	at org.springframework.test.context.cache.DefaultCacheAwareContextLoaderDelegate.loadContext(DefaultCacheAwareContextLoaderDelegate.java:116) [spring-test-4.2.7.RELEASE.jar:4.2.7.RELEASE]
	at org.springframework.test.context.support.DefaultTestContext.getApplicationContext(DefaultTestContext.java:83) [spring-test-4.2.7.RELEASE.jar:4.2.7.RELEASE]
	at org.springframework.test.context.support.DependencyInjectionTestExecutionListener.injectDependencies(DependencyInjectionTestExecutionListener.java:117) [spring-test-4.2.7.RELEASE.jar:4.2.7.RELEASE]
	at org.springframework.test.context.support.DependencyInjectionTestExecutionListener.prepareTestInstance(DependencyInjectionTestExecutionListener.java:83) [spring-test-4.2.7.RELEASE.jar:4.2.7.RELEASE]
	at org.springframework.test.context.TestContextManager.prepareTestInstance(TestContextManager.java:228) [spring-test-4.2.7.RELEASE.jar:4.2.7.RELEASE]
	at org.springframework.test.context.junit4.SpringJUnit4ClassRunner.createTest(SpringJUnit4ClassRunner.java:230) [spring-test-4.2.7.RELEASE.jar:4.2.7.RELEASE]
	at org.springframework.test.context.junit4.SpringJUnit4ClassRunner$1.runReflectiveCall(SpringJUnit4ClassRunner.java:289) [spring-test-4.2.7.RELEASE.jar:4.2.7.RELEASE]
	at org.junit.internal.runners.model.ReflectiveCallable.run(ReflectiveCallable.java:12) [junit-4.12.jar:4.12]
	at org.springframework.test.context.junit4.SpringJUnit4ClassRunner.methodBlock(SpringJUnit4ClassRunner.java:291) [spring-test-4.2.7.RELEASE.jar:4.2.7.RELEASE]
	at org.springframework.test.context.junit4.SpringJUnit4ClassRunner.runChild(SpringJUnit4ClassRunner.java:249) [spring-test-4.2.7.RELEASE.jar:4.2.7.RELEASE]
	at org.springframework.test.context.junit4.SpringJUnit4ClassRunner.runChild(SpringJUnit4ClassRunner.java:89) [spring-test-4.2.7.RELEASE.jar:4.2.7.RELEASE]
	at org.junit.runners.ParentRunner$3.run(ParentRunner.java:290) [junit-4.12.jar:4.12]
	at org.junit.runners.ParentRunner$1.schedule(ParentRunner.java:71) [junit-4.12.jar:4.12]
	at org.junit.runners.ParentRunner.runChildren(ParentRunner.java:288) [junit-4.12.jar:4.12]
	at org.junit.runners.ParentRunner.access$000(ParentRunner.java:58) [junit-4.12.jar:4.12]
	at org.junit.runners.ParentRunner$2.evaluate(ParentRunner.java:268) [junit-4.12.jar:4.12]
	at org.springframework.test.context.junit4.statements.RunBeforeTestClassCallbacks.evaluate(RunBeforeTestClassCallbacks.java:61) [spring-test-4.2.7.RELEASE.jar:4.2.7.RELEASE]
	at org.springframework.test.context.junit4.statements.RunAfterTestClassCallbacks.evaluate(RunAfterTestClassCallbacks.java:70) [spring-test-4.2.7.RELEASE.jar:4.2.7.RELEASE]
	at org.junit.runners.ParentRunner.run(ParentRunner.java:363) [junit-4.12.jar:4.12]
	at org.springframework.test.context.junit4.SpringJUnit4ClassRunner.run(SpringJUnit4ClassRunner.java:193) [spring-test-4.2.7.RELEASE.jar:4.2.7.RELEASE]
	at org.junit.runner.JUnitCore.run(JUnitCore.java:137) [junit-4.12.jar:4.12]
	at com.intellij.junit4.JUnit4IdeaTestRunner.startRunnerWithArgs(JUnit4IdeaTestRunner.java:68) [junit-rt.jar:na]
	at com.intellij.rt.execution.junit.IdeaTestRunner$Repeater.startRunnerWithArgs(IdeaTestRunner.java:47) [junit-rt.jar:na]
	at com.intellij.rt.execution.junit.JUnitStarter.prepareStreamsAndStart(JUnitStarter.java:242) [junit-rt.jar:na]
	at com.intellij.rt.execution.junit.JUnitStarter.main(JUnitStarter.java:70) [junit-rt.jar:na]
Caused by: java.lang.IllegalArgumentException: java.lang.IllegalArgumentException: Mapped Statements collection already contains value for com.baoning.website.dao.QuestionDao.selectLatestQuestions
	at org.mybatis.spring.mapper.MapperFactoryBean.checkDaoConfig(MapperFactoryBean.java:84) ~[mybatis-spring-1.3.0.jar:1.3.0]
	at org.springframework.dao.support.DaoSupport.afterPropertiesSet(DaoSupport.java:44) ~[spring-tx-4.2.7.RELEASE.jar:4.2.7.RELEASE]
	at org.springframework.beans.factory.support.AbstractAutowireCapableBeanFactory.invokeInitMethods(AbstractAutowireCapableBeanFactory.java:1637) ~[spring-beans-4.2.7.RELEASE.jar:4.2.7.RELEASE]
	at org.springframework.beans.factory.support.AbstractAutowireCapableBeanFactory.initializeBean(AbstractAutowireCapableBeanFactory.java:1574) ~[spring-beans-4.2.7.RELEASE.jar:4.2.7.RELEASE]
	... 39 common frames omitted
Caused by: java.lang.IllegalArgumentException: Mapped Statements collection already contains value for com.baoning.website.dao.QuestionDao.selectLatestQuestions
	at org.apache.ibatis.session.Configuration$StrictMap.put(Configuration.java:837) ~[mybatis-3.4.0.jar:3.4.0]
	at org.apache.ibatis.session.Configuration$StrictMap.put(Configuration.java:809) ~[mybatis-3.4.0.jar:3.4.0]
	at org.apache.ibatis.session.Configuration.addMappedStatement(Configuration.java:633) ~[mybatis-3.4.0.jar:3.4.0]
	at org.apache.ibatis.builder.MapperBuilderAssistant.addMappedStatement(MapperBuilderAssistant.java:302) ~[mybatis-3.4.0.jar:3.4.0]
	at org.apache.ibatis.builder.annotation.MapperAnnotationBuilder.parseStatement(MapperAnnotationBuilder.java:325) ~[mybatis-3.4.0.jar:3.4.0]
	at org.apache.ibatis.builder.annotation.MapperAnnotationBuilder.parse(MapperAnnotationBuilder.java:130) ~[mybatis-3.4.0.jar:3.4.0]
	at org.apache.ibatis.binding.MapperRegistry.addMapper(MapperRegistry.java:72) ~[mybatis-3.4.0.jar:3.4.0]
	at org.apache.ibatis.session.Configuration.addMapper(Configuration.java:706) ~[mybatis-3.4.0.jar:3.4.0]
	at org.mybatis.spring.mapper.MapperFactoryBean.checkDaoConfig(MapperFactoryBean.java:81) ~[mybatis-spring-1.3.0.jar:1.3.0]
	... 42 common frames omitted

2018-09-08 19:35:00.126  INFO 2664 --- [main] .b.l.ClasspathLoggingApplicationListener : Application failed to start with classpath: [file:/C:/Program%20Files/JetBrains/idea/lib/idea_rt.jar, file:/C:/Program%20Files/JetBrains/idea/plugins/junit/lib/junit-rt.jar, file:/C:/Program%20Files/JetBrains/idea/plugins/junit/lib/junit5-rt.jar, file:/C:/Program%20Files/Java/jdk1.8.0_171/jre/lib/charsets.jar, file:/C:/Program%20Files/Java/jdk1.8.0_171/jre/lib/deploy.jar, file:/C:/Program%20Files/Java/jdk1.8.0_171/jre/lib/ext/access-bridge-64.jar, file:/C:/Program%20Files/Java/jdk1.8.0_171/jre/lib/ext/cldrdata.jar, file:/C:/Program%20Files/Java/jdk1.8.0_171/jre/lib/ext/dnsns.jar, file:/C:/Program%20Files/Java/jdk1.8.0_171/jre/lib/ext/jaccess.jar, file:/C:/Program%20Files/Java/jdk1.8.0_171/jre/lib/ext/jfxrt.jar, file:/C:/Program%20Files/Java/jdk1.8.0_171/jre/lib/ext/localedata.jar, file:/C:/Program%20Files/Java/jdk1.8.0_171/jre/lib/ext/nashorn.jar, file:/C:/Program%20Files/Java/jdk1.8.0_171/jre/lib/ext/sunec.jar, file:/C:/Program%20Files/Java/jdk1.8.0_171/jre/lib/ext/sunjce_provider.jar, file:/C:/Program%20Files/Java/jdk1.8.0_171/jre/lib/ext/sunmscapi.jar, file:/C:/Program%20Files/Java/jdk1.8.0_171/jre/lib/ext/sunpkcs11.jar, file:/C:/Program%20Files/Java/jdk1.8.0_171/jre/lib/ext/zipfs.jar, file:/C:/Program%20Files/Java/jdk1.8.0_171/jre/lib/javaws.jar, file:/C:/Program%20Files/Java/jdk1.8.0_171/jre/lib/jce.jar, file:/C:/Program%20Files/Java/jdk1.8.0_171/jre/lib/jfr.jar, file:/C:/Program%20Files/Java/jdk1.8.0_171/jre/lib/jfxswt.jar, file:/C:/Program%20Files/Java/jdk1.8.0_171/jre/lib/jsse.jar, file:/C:/Program%20Files/Java/jdk1.8.0_171/jre/lib/management-agent.jar, file:/C:/Program%20Files/Java/jdk1.8.0_171/jre/lib/plugin.jar, file:/C:/Program%20Files/Java/jdk1.8.0_171/jre/lib/resources.jar, file:/C:/Program%20Files/Java/jdk1.8.0_171/jre/lib/rt.jar, file:/D:/IdeaProject/website/target/test-classes/, file:/D:/IdeaProject/website/target/classes/, file:/D:/IdeaProject/repository/org/springframework/boot/spring-boot-starter-web/1.3.6.RELEASE/spring-boot-starter-web-1.3.6.RELEASE.jar, file:/D:/IdeaProject/repository/org/springframework/boot/spring-boot-starter/1.3.6.RELEASE/spring-boot-starter-1.3.6.RELEASE.jar, file:/D:/IdeaProject/repository/org/springframework/boot/spring-boot-starter-logging/1.3.6.RELEASE/spring-boot-starter-logging-1.3.6.RELEASE.jar, file:/D:/IdeaProject/repository/ch/qos/logback/logback-classic/1.1.7/logback-classic-1.1.7.jar, file:/D:/IdeaProject/repository/ch/qos/logback/logback-core/1.1.7/logback-core-1.1.7.jar, file:/D:/IdeaProject/repository/org/slf4j/slf4j-api/1.7.21/slf4j-api-1.7.21.jar, file:/D:/IdeaProject/repository/org/slf4j/jcl-over-slf4j/1.7.21/jcl-over-slf4j-1.7.21.jar, file:/D:/IdeaProject/repository/org/slf4j/jul-to-slf4j/1.7.21/jul-to-slf4j-1.7.21.jar, file:/D:/IdeaProject/repository/org/slf4j/log4j-over-slf4j/1.7.21/log4j-over-slf4j-1.7.21.jar, file:/D:/IdeaProject/repository/org/yaml/snakeyaml/1.16/snakeyaml-1.16.jar, file:/D:/IdeaProject/repository/org/springframework/boot/spring-boot-starter-tomcat/1.3.6.RELEASE/spring-boot-starter-tomcat-1.3.6.RELEASE.jar, file:/D:/IdeaProject/repository/org/apache/tomcat/embed/tomcat-embed-core/8.0.36/tomcat-embed-core-8.0.36.jar, file:/D:/IdeaProject/repository/org/apache/tomcat/embed/tomcat-embed-el/8.0.36/tomcat-embed-el-8.0.36.jar, file:/D:/IdeaProject/repository/org/apache/tomcat/embed/tomcat-embed-logging-juli/8.0.36/tomcat-embed-logging-juli-8.0.36.jar, file:/D:/IdeaProject/repository/org/apache/tomcat/embed/tomcat-embed-websocket/8.0.36/tomcat-embed-websocket-8.0.36.jar, file:/D:/IdeaProject/repository/org/springframework/boot/spring-boot-starter-validation/1.3.6.RELEASE/spring-boot-starter-validation-1.3.6.RELEASE.jar, file:/D:/IdeaProject/repository/org/hibernate/hibernate-validator/5.2.4.Final/hibernate-validator-5.2.4.Final.jar, file:/D:/IdeaProject/repository/javax/validation/validation-api/1.1.0.Final/validation-api-1.1.0.Final.jar, file:/D:/IdeaProject/repository/org/jboss/logging/jboss-logging/3.3.0.Final/jboss-logging-3.3.0.Final.jar, file:/D:/IdeaProject/repository/com/fasterxml/classmate/1.1.0/classmate-1.1.0.jar, file:/D:/IdeaProject/repository/com/fasterxml/jackson/core/jackson-databind/2.6.7/jackson-databind-2.6.7.jar, file:/D:/IdeaProject/repository/com/fasterxml/jackson/core/jackson-annotations/2.6.7/jackson-annotations-2.6.7.jar, file:/D:/IdeaProject/repository/com/fasterxml/jackson/core/jackson-core/2.6.7/jackson-core-2.6.7.jar, file:/D:/IdeaProject/repository/org/springframework/spring-web/4.2.7.RELEASE/spring-web-4.2.7.RELEASE.jar, file:/D:/IdeaProject/repository/org/springframework/spring-aop/4.2.7.RELEASE/spring-aop-4.2.7.RELEASE.jar, file:/D:/IdeaProject/repository/aopalliance/aopalliance/1.0/aopalliance-1.0.jar, file:/D:/IdeaProject/repository/org/springframework/spring-beans/4.2.7.RELEASE/spring-beans-4.2.7.RELEASE.jar, file:/D:/IdeaProject/repository/org/springframework/spring-context/4.2.7.RELEASE/spring-context-4.2.7.RELEASE.jar, file:/D:/IdeaProject/repository/org/springframework/spring-webmvc/4.2.7.RELEASE/spring-webmvc-4.2.7.RELEASE.jar, file:/D:/IdeaProject/repository/org/springframework/spring-expression/4.2.7.RELEASE/spring-expression-4.2.7.RELEASE.jar, file:/D:/IdeaProject/repository/org/springframework/boot/spring-boot-starter-velocity/1.3.6.RELEASE/spring-boot-starter-velocity-1.3.6.RELEASE.jar, file:/D:/IdeaProject/repository/commons-beanutils/commons-beanutils/1.9.2/commons-beanutils-1.9.2.jar, file:/D:/IdeaProject/repository/commons-collections/commons-collections/3.2.2/commons-collections-3.2.2.jar, file:/D:/IdeaProject/repository/commons-digester/commons-digester/2.1/commons-digester-2.1.jar, file:/D:/IdeaProject/repository/org/apache/velocity/velocity/1.7/velocity-1.7.jar, file:/D:/IdeaProject/repository/commons-lang/commons-lang/2.4/commons-lang-2.4.jar, file:/D:/IdeaProject/repository/org/apache/velocity/velocity-tools/2.0/velocity-tools-2.0.jar, file:/D:/IdeaProject/repository/commons-chain/commons-chain/1.1/commons-chain-1.1.jar, file:/D:/IdeaProject/repository/commons-validator/commons-validator/1.3.1/commons-validator-1.3.1.jar, file:/D:/IdeaProject/repository/dom4j/dom4j/1.1/dom4j-1.1.jar, file:/D:/IdeaProject/repository/oro/oro/2.0.8/oro-2.0.8.jar, file:/D:/IdeaProject/repository/sslext/sslext/1.2-0/sslext-1.2-0.jar, file:/D:/IdeaProject/repository/org/apache/struts/struts-core/1.3.8/struts-core-1.3.8.jar, file:/D:/IdeaProject/repository/antlr/antlr/2.7.7/antlr-2.7.7.jar, file:/D:/IdeaProject/repository/org/apache/struts/struts-taglib/1.3.8/struts-taglib-1.3.8.jar, file:/D:/IdeaProject/repository/org/apache/struts/struts-tiles/1.3.8/struts-tiles-1.3.8.jar, file:/D:/IdeaProject/repository/org/springframework/spring-context-support/4.2.7.RELEASE/spring-context-support-4.2.7.RELEASE.jar, file:/D:/IdeaProject/repository/org/mybatis/spring/boot/mybatis-spring-boot-starter/1.1.1/mybatis-spring-boot-starter-1.1.1.jar, file:/D:/IdeaProject/repository/org/mybatis/spring/boot/mybatis-spring-boot-autoconfigure/1.1.1/mybatis-spring-boot-autoconfigure-1.1.1.jar, file:/D:/IdeaProject/repository/org/mybatis/mybatis/3.4.0/mybatis-3.4.0.jar, file:/D:/IdeaProject/repository/org/mybatis/mybatis-spring/1.3.0/mybatis-spring-1.3.0.jar, file:/D:/IdeaProject/repository/org/springframework/boot/spring-boot-starter-jdbc/1.3.6.RELEASE/spring-boot-starter-jdbc-1.3.6.RELEASE.jar, file:/D:/IdeaProject/repository/org/apache/tomcat/tomcat-jdbc/8.0.36/tomcat-jdbc-8.0.36.jar, file:/D:/IdeaProject/repository/org/apache/tomcat/tomcat-juli/8.0.36/tomcat-juli-8.0.36.jar, file:/D:/IdeaProject/repository/org/springframework/spring-jdbc/4.2.7.RELEASE/spring-jdbc-4.2.7.RELEASE.jar, file:/D:/IdeaProject/repository/org/springframework/spring-tx/4.2.7.RELEASE/spring-tx-4.2.7.RELEASE.jar, file:/D:/IdeaProject/repository/com/alibaba/fastjson/1.2.13/fastjson-1.2.13.jar, file:/D:/IdeaProject/repository/org/springframework/boot/spring-boot-devtools/1.3.6.RELEASE/spring-boot-devtools-1.3.6.RELEASE.jar, file:/D:/IdeaProject/repository/org/springframework/boot/spring-boot/1.3.6.RELEASE/spring-boot-1.3.6.RELEASE.jar, file:/D:/IdeaProject/repository/org/springframework/boot/spring-boot-autoconfigure/1.3.6.RELEASE/spring-boot-autoconfigure-1.3.6.RELEASE.jar, file:/D:/IdeaProject/repository/mysql/mysql-connector-java/5.1.39/mysql-connector-java-5.1.39.jar, file:/D:/IdeaProject/repository/org/springframework/boot/spring-boot-starter-test/1.3.6.RELEASE/spring-boot-starter-test-1.3.6.RELEASE.jar, file:/D:/IdeaProject/repository/junit/junit/4.12/junit-4.12.jar, file:/D:/IdeaProject/repository/org/mockito/mockito-core/1.10.19/mockito-core-1.10.19.jar, file:/D:/IdeaProject/repository/org/objenesis/objenesis/2.1/objenesis-2.1.jar, file:/D:/IdeaProject/repository/org/hamcrest/hamcrest-core/1.3/hamcrest-core-1.3.jar, file:/D:/IdeaProject/repository/org/hamcrest/hamcrest-library/1.3/hamcrest-library-1.3.jar, file:/D:/IdeaProject/repository/org/springframework/spring-core/4.2.7.RELEASE/spring-core-4.2.7.RELEASE.jar, file:/D:/IdeaProject/repository/org/springframework/spring-test/4.2.7.RELEASE/spring-test-4.2.7.RELEASE.jar, file:/C:/Program%20Files/JetBrains/idea/lib/idea_rt.jar]
2018-09-08 19:35:00.131 ERROR 2664 --- [main] o.s.test.context.TestContextManager      : Caught exception while allowing TestExecutionListener [org.springframework.test.context.support.DependencyInjectionTestExecutionListener@6e1ec318] to prepare test instance [com.baoning.website.InitDataTest@4f970963]

java.lang.IllegalStateException: Failed to load ApplicationContext
	at org.springframework.test.context.cache.DefaultCacheAwareContextLoaderDelegate.loadContext(DefaultCacheAwareContextLoaderDelegate.java:124) ~[spring-test-4.2.7.RELEASE.jar:4.2.7.RELEASE]
	at org.springframework.test.context.support.DefaultTestContext.getApplicationContext(DefaultTestContext.java:83) ~[spring-test-4.2.7.RELEASE.jar:4.2.7.RELEASE]
	at org.springframework.test.context.support.DependencyInjectionTestExecutionListener.injectDependencies(DependencyInjectionTestExecutionListener.java:117) ~[spring-test-4.2.7.RELEASE.jar:4.2.7.RELEASE]
	at org.springframework.test.context.support.DependencyInjectionTestExecutionListener.prepareTestInstance(DependencyInjectionTestExecutionListener.java:83) ~[spring-test-4.2.7.RELEASE.jar:4.2.7.RELEASE]
	at org.springframework.test.context.TestContextManager.prepareTestInstance(TestContextManager.java:228) ~[spring-test-4.2.7.RELEASE.jar:4.2.7.RELEASE]
	at org.springframework.test.context.junit4.SpringJUnit4ClassRunner.createTest(SpringJUnit4ClassRunner.java:230) [spring-test-4.2.7.RELEASE.jar:4.2.7.RELEASE]
	at org.springframework.test.context.junit4.SpringJUnit4ClassRunner$1.runReflectiveCall(SpringJUnit4ClassRunner.java:289) [spring-test-4.2.7.RELEASE.jar:4.2.7.RELEASE]
	at org.junit.internal.runners.model.ReflectiveCallable.run(ReflectiveCallable.java:12) [junit-4.12.jar:4.12]
	at org.springframework.test.context.junit4.SpringJUnit4ClassRunner.methodBlock(SpringJUnit4ClassRunner.java:291) [spring-test-4.2.7.RELEASE.jar:4.2.7.RELEASE]
	at org.springframework.test.context.junit4.SpringJUnit4ClassRunner.runChild(SpringJUnit4ClassRunner.java:249) [spring-test-4.2.7.RELEASE.jar:4.2.7.RELEASE]
	at org.springframework.test.context.junit4.SpringJUnit4ClassRunner.runChild(SpringJUnit4ClassRunner.java:89) [spring-test-4.2.7.RELEASE.jar:4.2.7.RELEASE]
	at org.junit.runners.ParentRunner$3.run(ParentRunner.java:290) [junit-4.12.jar:4.12]
	at org.junit.runners.ParentRunner$1.schedule(ParentRunner.java:71) [junit-4.12.jar:4.12]
	at org.junit.runners.ParentRunner.runChildren(ParentRunner.java:288) [junit-4.12.jar:4.12]
	at org.junit.runners.ParentRunner.access$000(ParentRunner.java:58) [junit-4.12.jar:4.12]
	at org.junit.runners.ParentRunner$2.evaluate(ParentRunner.java:268) [junit-4.12.jar:4.12]
	at org.springframework.test.context.junit4.statements.RunBeforeTestClassCallbacks.evaluate(RunBeforeTestClassCallbacks.java:61) [spring-test-4.2.7.RELEASE.jar:4.2.7.RELEASE]
	at org.springframework.test.context.junit4.statements.RunAfterTestClassCallbacks.evaluate(RunAfterTestClassCallbacks.java:70) [spring-test-4.2.7.RELEASE.jar:4.2.7.RELEASE]
	at org.junit.runners.ParentRunner.run(ParentRunner.java:363) [junit-4.12.jar:4.12]
	at org.springframework.test.context.junit4.SpringJUnit4ClassRunner.run(SpringJUnit4ClassRunner.java:193) [spring-test-4.2.7.RELEASE.jar:4.2.7.RELEASE]
	at org.junit.runner.JUnitCore.run(JUnitCore.java:137) [junit-4.12.jar:4.12]
	at com.intellij.junit4.JUnit4IdeaTestRunner.startRunnerWithArgs(JUnit4IdeaTestRunner.java:68) [junit-rt.jar:na]
	at com.intellij.rt.execution.junit.IdeaTestRunner$Repeater.startRunnerWithArgs(IdeaTestRunner.java:47) [junit-rt.jar:na]
	at com.intellij.rt.execution.junit.JUnitStarter.prepareStreamsAndStart(JUnitStarter.java:242) [junit-rt.jar:na]
	at com.intellij.rt.execution.junit.JUnitStarter.main(JUnitStarter.java:70) [junit-rt.jar:na]
Caused by: org.springframework.beans.factory.BeanCreationException: Error creating bean with name 'questionDao' defined in file [D:\IdeaProject\website\target\classes\com\baoning\website\dao\QuestionDao.class]: Invocation of init method failed; nested exception is java.lang.IllegalArgumentException: java.lang.IllegalArgumentException: Mapped Statements collection already contains value for com.baoning.website.dao.QuestionDao.selectLatestQuestions
	at org.springframework.beans.factory.support.AbstractAutowireCapableBeanFactory.initializeBean(AbstractAutowireCapableBeanFactory.java:1578) ~[spring-beans-4.2.7.RELEASE.jar:4.2.7.RELEASE]
	at org.springframework.beans.factory.support.AbstractAutowireCapableBeanFactory.doCreateBean(AbstractAutowireCapableBeanFactory.java:545) ~[spring-beans-4.2.7.RELEASE.jar:4.2.7.RELEASE]
	at org.springframework.beans.factory.support.AbstractAutowireCapableBeanFactory.createBean(AbstractAutowireCapableBeanFactory.java:482) ~[spring-beans-4.2.7.RELEASE.jar:4.2.7.RELEASE]
	at org.springframework.beans.factory.support.AbstractBeanFactory$1.getObject(AbstractBeanFactory.java:306) ~[spring-beans-4.2.7.RELEASE.jar:4.2.7.RELEASE]
	at org.springframework.beans.factory.support.DefaultSingletonBeanRegistry.getSingleton(DefaultSingletonBeanRegistry.java:230) ~[spring-beans-4.2.7.RELEASE.jar:4.2.7.RELEASE]
	at org.springframework.beans.factory.support.AbstractBeanFactory.doGetBean(AbstractBeanFactory.java:302) ~[spring-beans-4.2.7.RELEASE.jar:4.2.7.RELEASE]
	at org.springframework.beans.factory.support.AbstractBeanFactory.getBean(AbstractBeanFactory.java:197) ~[spring-beans-4.2.7.RELEASE.jar:4.2.7.RELEASE]
	at org.springframework.beans.factory.support.DefaultListableBeanFactory.preInstantiateSingletons(DefaultListableBeanFactory.java:753) ~[spring-beans-4.2.7.RELEASE.jar:4.2.7.RELEASE]
	at org.springframework.context.support.AbstractApplicationContext.finishBeanFactoryInitialization(AbstractApplicationContext.java:839) ~[spring-context-4.2.7.RELEASE.jar:4.2.7.RELEASE]
	at org.springframework.context.support.AbstractApplicationContext.refresh(AbstractApplicationContext.java:538) ~[spring-context-4.2.7.RELEASE.jar:4.2.7.RELEASE]
	at org.springframework.boot.SpringApplication.refresh(SpringApplication.java:760) ~[spring-boot-1.3.6.RELEASE.jar:1.3.6.RELEASE]
	at org.springframework.boot.SpringApplication.createAndRefreshContext(SpringApplication.java:360) ~[spring-boot-1.3.6.RELEASE.jar:1.3.6.RELEASE]
	at org.springframework.boot.SpringApplication.run(SpringApplication.java:306) ~[spring-boot-1.3.6.RELEASE.jar:1.3.6.RELEASE]
	at org.springframework.boot.test.SpringApplicationContextLoader.loadContext(SpringApplicationContextLoader.java:98) ~[spring-boot-1.3.6.RELEASE.jar:1.3.6.RELEASE]
	at org.springframework.test.context.cache.DefaultCacheAwareContextLoaderDelegate.loadContextInternal(DefaultCacheAwareContextLoaderDelegate.java:98) ~[spring-test-4.2.7.RELEASE.jar:4.2.7.RELEASE]
	at org.springframework.test.context.cache.DefaultCacheAwareContextLoaderDelegate.loadContext(DefaultCacheAwareContextLoaderDelegate.java:116) ~[spring-test-4.2.7.RELEASE.jar:4.2.7.RELEASE]
	... 24 common frames omitted
Caused by: java.lang.IllegalArgumentException: java.lang.IllegalArgumentException: Mapped Statements collection already contains value for com.baoning.website.dao.QuestionDao.selectLatestQuestions
	at org.mybatis.spring.mapper.MapperFactoryBean.checkDaoConfig(MapperFactoryBean.java:84) ~[mybatis-spring-1.3.0.jar:1.3.0]
	at org.springframework.dao.support.DaoSupport.afterPropertiesSet(DaoSupport.java:44) ~[spring-tx-4.2.7.RELEASE.jar:4.2.7.RELEASE]
	at org.springframework.beans.factory.support.AbstractAutowireCapableBeanFactory.invokeInitMethods(AbstractAutowireCapableBeanFactory.java:1637) ~[spring-beans-4.2.7.RELEASE.jar:4.2.7.RELEASE]
	at org.springframework.beans.factory.support.AbstractAutowireCapableBeanFactory.initializeBean(AbstractAutowireCapableBeanFactory.java:1574) ~[spring-beans-4.2.7.RELEASE.jar:4.2.7.RELEASE]
	... 39 common frames omitted
Caused by: java.lang.IllegalArgumentException: Mapped Statements collection already contains value for com.baoning.website.dao.QuestionDao.selectLatestQuestions
	at org.apache.ibatis.session.Configuration$StrictMap.put(Configuration.java:837) ~[mybatis-3.4.0.jar:3.4.0]
	at org.apache.ibatis.session.Configuration$StrictMap.put(Configuration.java:809) ~[mybatis-3.4.0.jar:3.4.0]
	at org.apache.ibatis.session.Configuration.addMappedStatement(Configuration.java:633) ~[mybatis-3.4.0.jar:3.4.0]
	at org.apache.ibatis.builder.MapperBuilderAssistant.addMappedStatement(MapperBuilderAssistant.java:302) ~[mybatis-3.4.0.jar:3.4.0]
	at org.apache.ibatis.builder.annotation.MapperAnnotationBuilder.parseStatement(MapperAnnotationBuilder.java:325) ~[mybatis-3.4.0.jar:3.4.0]
	at org.apache.ibatis.builder.annotation.MapperAnnotationBuilder.parse(MapperAnnotationBuilder.java:130) ~[mybatis-3.4.0.jar:3.4.0]
	at org.apache.ibatis.binding.MapperRegistry.addMapper(MapperRegistry.java:72) ~[mybatis-3.4.0.jar:3.4.0]
	at org.apache.ibatis.session.Configuration.addMapper(Configuration.java:706) ~[mybatis-3.4.0.jar:3.4.0]
	at org.mybatis.spring.mapper.MapperFactoryBean.checkDaoConfig(MapperFactoryBean.java:81) ~[mybatis-spring-1.3.0.jar:1.3.0]
	... 42 common frames omitted

2018-09-08 19:35:45.685  INFO 10368 --- [main] com.baoning.website.InitDataTest         : Starting InitDataTest on Captain with PID 10368 (D:\IdeaProject\website\target\test-classes started by baoning in D:\IdeaProject\website)
2018-09-08 19:35:45.689  INFO 10368 --- [main] com.baoning.website.InitDataTest         : No active profile set, falling back to default profiles: default
2018-09-08 19:35:45.765  INFO 10368 --- [main] s.c.a.AnnotationConfigApplicationContext : Refreshing org.springframework.context.annotation.AnnotationConfigApplicationContext@6069db50: startup date [Sat Sep 08 19:35:45 CST 2018]; root of context hierarchy
2018-09-08 19:35:48.892  INFO 10368 --- [main] o.s.ui.velocity.SpringResourceLoader     : SpringResourceLoader for Velocity: using resource loader [org.springframework.context.annotation.AnnotationConfigApplicationContext@6069db50: startup date [Sat Sep 08 19:35:45 CST 2018]; root of context hierarchy] and resource loader paths [classpath:/templates/]
2018-09-08 19:35:48.957  WARN 10368 --- [main] o.s.b.a.v.VelocityAutoConfiguration      : Cannot find template location: classpath:/templates/ (please add some templates, check your Velocity configuration, or set spring.velocity.checkTemplateLocation=false)
2018-09-08 19:35:49.057  INFO 10368 --- [main] com.baoning.website.InitDataTest         : Started InitDataTest in 4.063 seconds (JVM running for 5.091)
2018-09-08 19:35:49.393  INFO 10368 --- [main] o.s.jdbc.datasource.init.ScriptUtils     : Executing SQL script from class path resource [init-schema.sql]
2018-09-08 19:35:49.630  INFO 10368 --- [main] o.s.jdbc.datasource.init.ScriptUtils     : Executed SQL script from class path resource [init-schema.sql] in 237 ms.
2018-09-08 19:35:50.385  INFO 10368 --- [Thread-2] s.c.a.AnnotationConfigApplicationContext : Closing org.springframework.context.annotation.AnnotationConfigApplicationContext@6069db50: startup date [Sat Sep 08 19:35:45 CST 2018]; root of context hierarchy
2018-09-08 19:37:21.861  INFO 9392 --- [main] com.baoning.website.InitDataTest         : Starting InitDataTest on Captain with PID 9392 (D:\IdeaProject\website\target\test-classes started by baoning in D:\IdeaProject\website)
2018-09-08 19:37:21.864  INFO 9392 --- [main] com.baoning.website.InitDataTest         : No active profile set, falling back to default profiles: default
2018-09-08 19:37:21.938  INFO 9392 --- [main] s.c.a.AnnotationConfigApplicationContext : Refreshing org.springframework.context.annotation.AnnotationConfigApplicationContext@131774fe: startup date [Sat Sep 08 19:37:21 CST 2018]; root of context hierarchy
2018-09-08 19:37:24.777  INFO 9392 --- [main] o.s.ui.velocity.SpringResourceLoader     : SpringResourceLoader for Velocity: using resource loader [org.springframework.context.annotation.AnnotationConfigApplicationContext@131774fe: startup date [Sat Sep 08 19:37:21 CST 2018]; root of context hierarchy] and resource loader paths [classpath:/templates/]
2018-09-08 19:37:24.841  WARN 9392 --- [main] o.s.b.a.v.VelocityAutoConfiguration      : Cannot find template location: classpath:/templates/ (please add some templates, check your Velocity configuration, or set spring.velocity.checkTemplateLocation=false)
2018-09-08 19:37:24.932  INFO 9392 --- [main] com.baoning.website.InitDataTest         : Started InitDataTest in 3.607 seconds (JVM running for 4.613)
2018-09-08 19:37:25.254  INFO 9392 --- [main] o.s.jdbc.datasource.init.ScriptUtils     : Executing SQL script from class path resource [init-schema.sql]
2018-09-08 19:37:25.494  INFO 9392 --- [main] o.s.jdbc.datasource.init.ScriptUtils     : Executed SQL script from class path resource [init-schema.sql] in 238 ms.
2018-09-08 19:37:26.109  INFO 9392 --- [Thread-2] s.c.a.AnnotationConfigApplicationContext : Closing org.springframework.context.annotation.AnnotationConfigApplicationContext@131774fe: startup date [Sat Sep 08 19:37:21 CST 2018]; root of context hierarchy
2018-09-08 19:46:05.011  INFO 2148 --- [restartedMain] com.baoning.website.WebsiteApplication   : Starting WebsiteApplication on Captain with PID 2148 (D:\IdeaProject\website\target\classes started by baoning in D:\IdeaProject\website)
2018-09-08 19:46:05.014  INFO 2148 --- [restartedMain] com.baoning.website.WebsiteApplication   : No active profile set, falling back to default profiles: default
2018-09-08 19:46:05.064  INFO 2148 --- [restartedMain] ationConfigEmbeddedWebApplicationContext : Refreshing org.springframework.boot.context.embedded.AnnotationConfigEmbeddedWebApplicationContext@2e5704ca: startup date [Sat Sep 08 19:46:05 CST 2018]; root of context hierarchy
2018-09-08 19:46:06.416  INFO 2148 --- [restartedMain] trationDelegate$BeanPostProcessorChecker : Bean 'org.springframework.transaction.annotation.ProxyTransactionManagementConfiguration' of type [class org.springframework.transaction.annotation.ProxyTransactionManagementConfiguration$$EnhancerBySpringCGLIB$$5afa794] is not eligible for getting processed by all BeanPostProcessors (for example: not eligible for auto-proxying)
2018-09-08 19:46:06.748  INFO 2148 --- [restartedMain] s.b.c.e.t.TomcatEmbeddedServletContainer : Tomcat initialized with port(s): 8080 (http)
2018-09-08 19:46:06.757  INFO 2148 --- [restartedMain] o.apache.catalina.core.StandardService   : Starting service Tomcat
2018-09-08 19:46:06.757  INFO 2148 --- [restartedMain] org.apache.catalina.core.StandardEngine  : Starting Servlet Engine: Apache Tomcat/8.0.36
2018-09-08 19:46:06.823  INFO 2148 --- [localhost-startStop-1] o.a.c.c.C.[Tomcat].[localhost].[/]       : Initializing Spring embedded WebApplicationContext
2018-09-08 19:46:06.824  INFO 2148 --- [localhost-startStop-1] o.s.web.context.ContextLoader            : Root WebApplicationContext: initialization completed in 1764 ms
2018-09-08 19:46:07.054  INFO 2148 --- [localhost-startStop-1] o.s.b.c.e.ServletRegistrationBean        : Mapping servlet: 'dispatcherServlet' to [/]
2018-09-08 19:46:07.058  INFO 2148 --- [localhost-startStop-1] o.s.b.c.embedded.FilterRegistrationBean  : Mapping filter: 'characterEncodingFilter' to: [/*]
2018-09-08 19:46:07.059  INFO 2148 --- [localhost-startStop-1] o.s.b.c.embedded.FilterRegistrationBean  : Mapping filter: 'hiddenHttpMethodFilter' to: [/*]
2018-09-08 19:46:07.059  INFO 2148 --- [localhost-startStop-1] o.s.b.c.embedded.FilterRegistrationBean  : Mapping filter: 'httpPutFormContentFilter' to: [/*]
2018-09-08 19:46:07.059  INFO 2148 --- [localhost-startStop-1] o.s.b.c.embedded.FilterRegistrationBean  : Mapping filter: 'requestContextFilter' to: [/*]
2018-09-08 19:46:07.202  INFO 2148 --- [restartedMain] s.w.s.m.m.a.RequestMappingHandlerAdapter : Looking for @ControllerAdvice: org.springframework.boot.context.embedded.AnnotationConfigEmbeddedWebApplicationContext@2e5704ca: startup date [Sat Sep 08 19:46:05 CST 2018]; root of context hierarchy
2018-09-08 19:46:07.253  INFO 2148 --- [restartedMain] s.w.s.m.m.a.RequestMappingHandlerMapping : Mapped "{[/ || /index],methods=[GET]}" onto public java.lang.String com.baoning.website.controller.HomeController.index(javax.servlet.http.HttpSession)
2018-09-08 19:46:07.255  INFO 2148 --- [restartedMain] s.w.s.m.m.a.RequestMappingHandlerMapping : Mapped "{[/error]}" onto public org.springframework.http.ResponseEntity<java.util.Map<java.lang.String, java.lang.Object>> org.springframework.boot.autoconfigure.web.BasicErrorController.error(javax.servlet.http.HttpServletRequest)
2018-09-08 19:46:07.256  INFO 2148 --- [restartedMain] s.w.s.m.m.a.RequestMappingHandlerMapping : Mapped "{[/error],produces=[text/html]}" onto public org.springframework.web.servlet.ModelAndView org.springframework.boot.autoconfigure.web.BasicErrorController.errorHtml(javax.servlet.http.HttpServletRequest,javax.servlet.http.HttpServletResponse)
2018-09-08 19:46:07.282  INFO 2148 --- [restartedMain] o.s.w.s.handler.SimpleUrlHandlerMapping  : Mapped URL path [/webjars/**] onto handler of type [class org.springframework.web.servlet.resource.ResourceHttpRequestHandler]
2018-09-08 19:46:07.282  INFO 2148 --- [restartedMain] o.s.w.s.handler.SimpleUrlHandlerMapping  : Mapped URL path [/**] onto handler of type [class org.springframework.web.servlet.resource.ResourceHttpRequestHandler]
2018-09-08 19:46:07.314  INFO 2148 --- [restartedMain] o.s.w.s.handler.SimpleUrlHandlerMapping  : Mapped URL path [/**/favicon.ico] onto handler of type [class org.springframework.web.servlet.resource.ResourceHttpRequestHandler]
2018-09-08 19:46:07.373  INFO 2148 --- [restartedMain] s.b.w.s.v.v.EmbeddedVelocityViewResolver : Using EmbeddedVelocityToolboxView instead of default VelocityView due to specified toolboxConfigLocation
2018-09-08 19:46:07.716  INFO 2148 --- [restartedMain] o.s.w.s.v.velocity.VelocityConfigurer    : ClasspathResourceLoader with name 'springMacro' added to configured VelocityEngine
2018-09-08 19:46:07.822  INFO 2148 --- [restartedMain] o.s.b.d.a.OptionalLiveReloadServer       : LiveReload server is running on port 35729
2018-09-08 19:46:07.860  INFO 2148 --- [restartedMain] o.s.j.e.a.AnnotationMBeanExporter        : Registering beans for JMX exposure on startup
2018-09-08 19:46:07.910  INFO 2148 --- [restartedMain] s.b.c.e.t.TomcatEmbeddedServletContainer : Tomcat started on port(s): 8080 (http)
2018-09-08 19:46:07.915  INFO 2148 --- [restartedMain] com.baoning.website.WebsiteApplication   : Started WebsiteApplication in 3.187 seconds (JVM running for 4.028)
2018-09-08 19:46:23.180  INFO 2148 --- [http-nio-8080-exec-1] o.a.c.c.C.[Tomcat].[localhost].[/]       : Initializing Spring FrameworkServlet 'dispatcherServlet'
2018-09-08 19:46:23.181  INFO 2148 --- [http-nio-8080-exec-1] o.s.web.servlet.DispatcherServlet        : FrameworkServlet 'dispatcherServlet': initialization started
2018-09-08 19:46:23.195  INFO 2148 --- [http-nio-8080-exec-1] o.s.web.servlet.DispatcherServlet        : FrameworkServlet 'dispatcherServlet': initialization completed in 14 ms
2018-09-08 19:46:23.275  INFO 2148 --- [http-nio-8080-exec-1] o.a.v.t.v.servlet.ServletToolboxManager  : Using config file '/toolbox.xml'
2018-09-08 19:46:23.276  WARN 2148 --- [http-nio-8080-exec-1] o.a.v.tools.view.XMLToolboxManager       : XMLToolboxManager has been deprecated. Please use org.apache.velocity.tools.ToolboxFactory instead.
2018-09-08 19:46:23.276  WARN 2148 --- [http-nio-8080-exec-1] o.a.v.t.v.servlet.ServletToolboxManager  : ServletToolboxManager has been deprecated. Please use org.apache.velocity.tools.ToolboxFactory instead.
2018-09-08 19:59:17.582  INFO 2092 --- [restartedMain] com.baoning.website.WebsiteApplication   : Starting WebsiteApplication on Captain with PID 2092 (D:\IdeaProject\website\target\classes started by baoning in D:\IdeaProject\website)
2018-09-08 19:59:17.585  INFO 2092 --- [restartedMain] com.baoning.website.WebsiteApplication   : No active profile set, falling back to default profiles: default
2018-09-08 19:59:17.634  INFO 2092 --- [restartedMain] ationConfigEmbeddedWebApplicationContext : Refreshing org.springframework.boot.context.embedded.AnnotationConfigEmbeddedWebApplicationContext@276a51b3: startup date [Sat Sep 08 19:59:17 CST 2018]; root of context hierarchy
2018-09-08 19:59:19.052  INFO 2092 --- [restartedMain] trationDelegate$BeanPostProcessorChecker : Bean 'org.springframework.transaction.annotation.ProxyTransactionManagementConfiguration' of type [class org.springframework.transaction.annotation.ProxyTransactionManagementConfiguration$$EnhancerBySpringCGLIB$$6f4322ec] is not eligible for getting processed by all BeanPostProcessors (for example: not eligible for auto-proxying)
2018-09-08 19:59:19.333  INFO 2092 --- [restartedMain] s.b.c.e.t.TomcatEmbeddedServletContainer : Tomcat initialized with port(s): 8080 (http)
2018-09-08 19:59:19.342  INFO 2092 --- [restartedMain] o.apache.catalina.core.StandardService   : Starting service Tomcat
2018-09-08 19:59:19.343  INFO 2092 --- [restartedMain] org.apache.catalina.core.StandardEngine  : Starting Servlet Engine: Apache Tomcat/8.0.36
2018-09-08 19:59:19.408  INFO 2092 --- [localhost-startStop-1] o.a.c.c.C.[Tomcat].[localhost].[/]       : Initializing Spring embedded WebApplicationContext
2018-09-08 19:59:19.409  INFO 2092 --- [localhost-startStop-1] o.s.web.context.ContextLoader            : Root WebApplicationContext: initialization completed in 1780 ms
2018-09-08 19:59:19.638  INFO 2092 --- [localhost-startStop-1] o.s.b.c.e.ServletRegistrationBean        : Mapping servlet: 'dispatcherServlet' to [/]
2018-09-08 19:59:19.642  INFO 2092 --- [localhost-startStop-1] o.s.b.c.embedded.FilterRegistrationBean  : Mapping filter: 'characterEncodingFilter' to: [/*]
2018-09-08 19:59:19.642  INFO 2092 --- [localhost-startStop-1] o.s.b.c.embedded.FilterRegistrationBean  : Mapping filter: 'hiddenHttpMethodFilter' to: [/*]
2018-09-08 19:59:19.642  INFO 2092 --- [localhost-startStop-1] o.s.b.c.embedded.FilterRegistrationBean  : Mapping filter: 'httpPutFormContentFilter' to: [/*]
2018-09-08 19:59:19.643  INFO 2092 --- [localhost-startStop-1] o.s.b.c.embedded.FilterRegistrationBean  : Mapping filter: 'requestContextFilter' to: [/*]
2018-09-08 19:59:20.053  INFO 2092 --- [restartedMain] s.w.s.m.m.a.RequestMappingHandlerAdapter : Looking for @ControllerAdvice: org.springframework.boot.context.embedded.AnnotationConfigEmbeddedWebApplicationContext@276a51b3: startup date [Sat Sep 08 19:59:17 CST 2018]; root of context hierarchy
2018-09-08 19:59:20.106  INFO 2092 --- [restartedMain] s.w.s.m.m.a.RequestMappingHandlerMapping : Mapped "{[/ || /index],methods=[GET]}" onto public java.lang.String com.baoning.website.controller.HomeController.index(org.springframework.ui.Model)
2018-09-08 19:59:20.108  INFO 2092 --- [restartedMain] s.w.s.m.m.a.RequestMappingHandlerMapping : Mapped "{[/error]}" onto public org.springframework.http.ResponseEntity<java.util.Map<java.lang.String, java.lang.Object>> org.springframework.boot.autoconfigure.web.BasicErrorController.error(javax.servlet.http.HttpServletRequest)
2018-09-08 19:59:20.109  INFO 2092 --- [restartedMain] s.w.s.m.m.a.RequestMappingHandlerMapping : Mapped "{[/error],produces=[text/html]}" onto public org.springframework.web.servlet.ModelAndView org.springframework.boot.autoconfigure.web.BasicErrorController.errorHtml(javax.servlet.http.HttpServletRequest,javax.servlet.http.HttpServletResponse)
2018-09-08 19:59:20.134  INFO 2092 --- [restartedMain] o.s.w.s.handler.SimpleUrlHandlerMapping  : Mapped URL path [/webjars/**] onto handler of type [class org.springframework.web.servlet.resource.ResourceHttpRequestHandler]
2018-09-08 19:59:20.134  INFO 2092 --- [restartedMain] o.s.w.s.handler.SimpleUrlHandlerMapping  : Mapped URL path [/**] onto handler of type [class org.springframework.web.servlet.resource.ResourceHttpRequestHandler]
2018-09-08 19:59:20.167  INFO 2092 --- [restartedMain] o.s.w.s.handler.SimpleUrlHandlerMapping  : Mapped URL path [/**/favicon.ico] onto handler of type [class org.springframework.web.servlet.resource.ResourceHttpRequestHandler]
2018-09-08 19:59:20.208  INFO 2092 --- [restartedMain] s.b.w.s.v.v.EmbeddedVelocityViewResolver : Using EmbeddedVelocityToolboxView instead of default VelocityView due to specified toolboxConfigLocation
2018-09-08 19:59:20.309  INFO 2092 --- [restartedMain] o.s.w.s.v.velocity.VelocityConfigurer    : ClasspathResourceLoader with name 'springMacro' added to configured VelocityEngine
2018-09-08 19:59:20.414  INFO 2092 --- [restartedMain] o.s.b.d.a.OptionalLiveReloadServer       : LiveReload server is running on port 35729
2018-09-08 19:59:20.451  INFO 2092 --- [restartedMain] o.s.j.e.a.AnnotationMBeanExporter        : Registering beans for JMX exposure on startup
2018-09-08 19:59:20.497  INFO 2092 --- [restartedMain] s.b.c.e.t.TomcatEmbeddedServletContainer : Tomcat started on port(s): 8080 (http)
2018-09-08 19:59:20.502  INFO 2092 --- [restartedMain] com.baoning.website.WebsiteApplication   : Started WebsiteApplication in 3.197 seconds (JVM running for 4.07)
2018-09-08 19:59:30.016  INFO 2092 --- [http-nio-8080-exec-1] o.a.c.c.C.[Tomcat].[localhost].[/]       : Initializing Spring FrameworkServlet 'dispatcherServlet'
2018-09-08 19:59:30.016  INFO 2092 --- [http-nio-8080-exec-1] o.s.web.servlet.DispatcherServlet        : FrameworkServlet 'dispatcherServlet': initialization started
2018-09-08 19:59:30.028  INFO 2092 --- [http-nio-8080-exec-1] o.s.web.servlet.DispatcherServlet        : FrameworkServlet 'dispatcherServlet': initialization completed in 12 ms
2018-09-08 19:59:30.460  INFO 2092 --- [http-nio-8080-exec-1] o.a.v.t.v.servlet.ServletToolboxManager  : Using config file '/toolbox.xml'
2018-09-08 19:59:30.460  WARN 2092 --- [http-nio-8080-exec-1] o.a.v.tools.view.XMLToolboxManager       : XMLToolboxManager has been deprecated. Please use org.apache.velocity.tools.ToolboxFactory instead.
2018-09-08 19:59:30.460  WARN 2092 --- [http-nio-8080-exec-1] o.a.v.t.v.servlet.ServletToolboxManager  : ServletToolboxManager has been deprecated. Please use org.apache.velocity.tools.ToolboxFactory instead.
2018-09-08 20:03:29.238 ERROR 2092 --- [http-nio-8080-exec-8] org.apache.velocity                      : ResourceManager : unable to find resource 'index.html.html' in any resource loader.
2018-09-08 20:06:55.909  INFO 2092 --- [Thread-14] ationConfigEmbeddedWebApplicationContext : Closing org.springframework.boot.context.embedded.AnnotationConfigEmbeddedWebApplicationContext@276a51b3: startup date [Sat Sep 08 19:59:17 CST 2018]; root of context hierarchy
2018-09-08 20:06:55.911  INFO 2092 --- [Thread-14] o.s.j.e.a.AnnotationMBeanExporter        : Unregistering JMX-exposed beans on shutdown
2018-09-08 20:06:56.171  INFO 2092 --- [restartedMain] com.baoning.website.WebsiteApplication   : Starting WebsiteApplication on Captain with PID 2092 (D:\IdeaProject\website\target\classes started by baoning in D:\IdeaProject\website)
2018-09-08 20:06:56.172  INFO 2092 --- [restartedMain] com.baoning.website.WebsiteApplication   : No active profile set, falling back to default profiles: default
2018-09-08 20:06:56.175  INFO 2092 --- [restartedMain] ationConfigEmbeddedWebApplicationContext : Refreshing org.springframework.boot.context.embedded.AnnotationConfigEmbeddedWebApplicationContext@67f846e3: startup date [Sat Sep 08 20:06:56 CST 2018]; root of context hierarchy
2018-09-08 20:06:56.624  INFO 2092 --- [restartedMain] trationDelegate$BeanPostProcessorChecker : Bean 'org.springframework.transaction.annotation.ProxyTransactionManagementConfiguration' of type [class org.springframework.transaction.annotation.ProxyTransactionManagementConfiguration$$EnhancerBySpringCGLIB$$6f4322ec] is not eligible for getting processed by all BeanPostProcessors (for example: not eligible for auto-proxying)
2018-09-08 20:06:56.670  INFO 2092 --- [restartedMain] s.b.c.e.t.TomcatEmbeddedServletContainer : Tomcat initialized with port(s): 8080 (http)
2018-09-08 20:06:56.671  INFO 2092 --- [restartedMain] o.apache.catalina.core.StandardService   : Starting service Tomcat
2018-09-08 20:06:56.671  INFO 2092 --- [restartedMain] org.apache.catalina.core.StandardEngine  : Starting Servlet Engine: Apache Tomcat/8.0.36
2018-09-08 20:06:56.683  INFO 2092 --- [localhost-startStop-1] o.a.c.c.C.[Tomcat].[localhost].[/]       : Initializing Spring embedded WebApplicationContext
2018-09-08 20:06:56.684  INFO 2092 --- [localhost-startStop-1] o.s.web.context.ContextLoader            : Root WebApplicationContext: initialization completed in 509 ms
2018-09-08 20:06:56.767  INFO 2092 --- [localhost-startStop-1] o.s.b.c.e.ServletRegistrationBean        : Mapping servlet: 'dispatcherServlet' to [/]
2018-09-08 20:06:56.767  INFO 2092 --- [localhost-startStop-1] o.s.b.c.embedded.FilterRegistrationBean  : Mapping filter: 'characterEncodingFilter' to: [/*]
2018-09-08 20:06:56.767  INFO 2092 --- [localhost-startStop-1] o.s.b.c.embedded.FilterRegistrationBean  : Mapping filter: 'hiddenHttpMethodFilter' to: [/*]
2018-09-08 20:06:56.768  INFO 2092 --- [localhost-startStop-1] o.s.b.c.embedded.FilterRegistrationBean  : Mapping filter: 'httpPutFormContentFilter' to: [/*]
2018-09-08 20:06:56.768  INFO 2092 --- [localhost-startStop-1] o.s.b.c.embedded.FilterRegistrationBean  : Mapping filter: 'requestContextFilter' to: [/*]
2018-09-08 20:06:56.979  INFO 2092 --- [restartedMain] s.w.s.m.m.a.RequestMappingHandlerAdapter : Looking for @ControllerAdvice: org.springframework.boot.context.embedded.AnnotationConfigEmbeddedWebApplicationContext@67f846e3: startup date [Sat Sep 08 20:06:56 CST 2018]; root of context hierarchy
2018-09-08 20:06:56.987  INFO 2092 --- [restartedMain] s.w.s.m.m.a.RequestMappingHandlerMapping : Mapped "{[/ || /index],methods=[GET]}" onto public java.lang.String com.baoning.website.controller.HomeController.index(org.springframework.ui.Model)
2018-09-08 20:06:56.989  INFO 2092 --- [restartedMain] s.w.s.m.m.a.RequestMappingHandlerMapping : Mapped "{[/error]}" onto public org.springframework.http.ResponseEntity<java.util.Map<java.lang.String, java.lang.Object>> org.springframework.boot.autoconfigure.web.BasicErrorController.error(javax.servlet.http.HttpServletRequest)
2018-09-08 20:06:56.990  INFO 2092 --- [restartedMain] s.w.s.m.m.a.RequestMappingHandlerMapping : Mapped "{[/error],produces=[text/html]}" onto public org.springframework.web.servlet.ModelAndView org.springframework.boot.autoconfigure.web.BasicErrorController.errorHtml(javax.servlet.http.HttpServletRequest,javax.servlet.http.HttpServletResponse)
2018-09-08 20:06:57.002  INFO 2092 --- [restartedMain] o.s.w.s.handler.SimpleUrlHandlerMapping  : Mapped URL path [/webjars/**] onto handler of type [class org.springframework.web.servlet.resource.ResourceHttpRequestHandler]
2018-09-08 20:06:57.003  INFO 2092 --- [restartedMain] o.s.w.s.handler.SimpleUrlHandlerMapping  : Mapped URL path [/**] onto handler of type [class org.springframework.web.servlet.resource.ResourceHttpRequestHandler]
2018-09-08 20:06:57.021  INFO 2092 --- [restartedMain] o.s.w.s.handler.SimpleUrlHandlerMapping  : Mapped URL path [/**/favicon.ico] onto handler of type [class org.springframework.web.servlet.resource.ResourceHttpRequestHandler]
2018-09-08 20:06:57.047  INFO 2092 --- [restartedMain] s.b.w.s.v.v.EmbeddedVelocityViewResolver : Using EmbeddedVelocityToolboxView instead of default VelocityView due to specified toolboxConfigLocation
2018-09-08 20:06:57.070  INFO 2092 --- [restartedMain] o.s.w.s.v.velocity.VelocityConfigurer    : ClasspathResourceLoader with name 'springMacro' added to configured VelocityEngine
2018-09-08 20:06:57.109  INFO 2092 --- [restartedMain] o.s.b.d.a.OptionalLiveReloadServer       : LiveReload server is running on port 35729
2018-09-08 20:06:57.153  INFO 2092 --- [restartedMain] o.s.j.e.a.AnnotationMBeanExporter        : Registering beans for JMX exposure on startup
2018-09-08 20:06:57.168  INFO 2092 --- [restartedMain] s.b.c.e.t.TomcatEmbeddedServletContainer : Tomcat started on port(s): 8080 (http)
2018-09-08 20:06:57.170  INFO 2092 --- [restartedMain] com.baoning.website.WebsiteApplication   : Started WebsiteApplication in 1.028 seconds (JVM running for 460.738)
2018-09-08 20:06:58.411  INFO 2092 --- [http-nio-8080-exec-1] o.a.c.c.C.[Tomcat].[localhost].[/]       : Initializing Spring FrameworkServlet 'dispatcherServlet'
2018-09-08 20:06:58.411  INFO 2092 --- [http-nio-8080-exec-1] o.s.web.servlet.DispatcherServlet        : FrameworkServlet 'dispatcherServlet': initialization started
2018-09-08 20:06:58.417  INFO 2092 --- [http-nio-8080-exec-1] o.s.web.servlet.DispatcherServlet        : FrameworkServlet 'dispatcherServlet': initialization completed in 6 ms
2018-09-08 20:06:58.467 ERROR 2092 --- [http-nio-8080-exec-1] org.apache.velocity                      : ResourceManager : unable to find resource 'index.html.html' in any resource loader.
2018-09-08 20:06:58.468  INFO 2092 --- [http-nio-8080-exec-1] o.a.v.t.v.servlet.ServletToolboxManager  : Using config file '/toolbox.xml'
2018-09-08 20:06:58.469  WARN 2092 --- [http-nio-8080-exec-1] o.a.v.tools.view.XMLToolboxManager       : XMLToolboxManager has been deprecated. Please use org.apache.velocity.tools.ToolboxFactory instead.
2018-09-08 20:06:58.469  WARN 2092 --- [http-nio-8080-exec-1] o.a.v.t.v.servlet.ServletToolboxManager  : ServletToolboxManager has been deprecated. Please use org.apache.velocity.tools.ToolboxFactory instead.
2018-09-08 20:07:03.680 ERROR 2092 --- [http-nio-8080-exec-9] org.apache.velocity                      : ResourceManager : unable to find resource 'index.html.html' in any resource loader.
2018-09-08 20:09:31.299 ERROR 2092 --- [http-nio-8080-exec-6] org.apache.velocity                      : ResourceManager : unable to find resource 'index.html.html' in any resource loader.
2018-09-08 20:17:00.938 ERROR 2092 --- [http-nio-8080-exec-7] org.apache.velocity                      : ResourceManager : unable to find resource 'index.html.html' in any resource loader.
2018-09-08 20:17:01.856 ERROR 2092 --- [http-nio-8080-exec-1] org.apache.velocity                      : ResourceManager : unable to find resource 'index.html.html' in any resource loader.
2018-09-08 20:17:37.269 ERROR 2092 --- [http-nio-8080-exec-9] org.apache.velocity                      : ResourceManager : unable to find resource 'error.html' in any resource loader.
2018-09-08 20:17:37.270 ERROR 2092 --- [http-nio-8080-exec-9] org.apache.velocity                      : ResourceManager : unable to find resource 'error.html.html' in any resource loader.
2018-09-08 20:23:35.614  INFO 1944 --- [restartedMain] com.baoning.website.WebsiteApplication   : Starting WebsiteApplication on Captain with PID 1944 (D:\IdeaProject\website\target\classes started by baoning in D:\IdeaProject\website)
2018-09-08 20:23:35.617  INFO 1944 --- [restartedMain] com.baoning.website.WebsiteApplication   : No active profile set, falling back to default profiles: default
2018-09-08 20:23:35.668  INFO 1944 --- [restartedMain] ationConfigEmbeddedWebApplicationContext : Refreshing org.springframework.boot.context.embedded.AnnotationConfigEmbeddedWebApplicationContext@55919fea: startup date [Sat Sep 08 20:23:35 CST 2018]; root of context hierarchy
2018-09-08 20:23:37.079  INFO 1944 --- [restartedMain] trationDelegate$BeanPostProcessorChecker : Bean 'org.springframework.transaction.annotation.ProxyTransactionManagementConfiguration' of type [class org.springframework.transaction.annotation.ProxyTransactionManagementConfiguration$$EnhancerBySpringCGLIB$$1dfbf52e] is not eligible for getting processed by all BeanPostProcessors (for example: not eligible for auto-proxying)
2018-09-08 20:23:37.362  INFO 1944 --- [restartedMain] s.b.c.e.t.TomcatEmbeddedServletContainer : Tomcat initialized with port(s): 8080 (http)
2018-09-08 20:23:37.371  INFO 1944 --- [restartedMain] o.apache.catalina.core.StandardService   : Starting service Tomcat
2018-09-08 20:23:37.372  INFO 1944 --- [restartedMain] org.apache.catalina.core.StandardEngine  : Starting Servlet Engine: Apache Tomcat/8.0.36
2018-09-08 20:23:37.436  INFO 1944 --- [localhost-startStop-1] o.a.c.c.C.[Tomcat].[localhost].[/]       : Initializing Spring embedded WebApplicationContext
2018-09-08 20:23:37.436  INFO 1944 --- [localhost-startStop-1] o.s.web.context.ContextLoader            : Root WebApplicationContext: initialization completed in 1773 ms
2018-09-08 20:23:37.666  INFO 1944 --- [localhost-startStop-1] o.s.b.c.e.ServletRegistrationBean        : Mapping servlet: 'dispatcherServlet' to [/]
2018-09-08 20:23:37.671  INFO 1944 --- [localhost-startStop-1] o.s.b.c.embedded.FilterRegistrationBean  : Mapping filter: 'characterEncodingFilter' to: [/*]
2018-09-08 20:23:37.671  INFO 1944 --- [localhost-startStop-1] o.s.b.c.embedded.FilterRegistrationBean  : Mapping filter: 'hiddenHttpMethodFilter' to: [/*]
2018-09-08 20:23:37.671  INFO 1944 --- [localhost-startStop-1] o.s.b.c.embedded.FilterRegistrationBean  : Mapping filter: 'httpPutFormContentFilter' to: [/*]
2018-09-08 20:23:37.671  INFO 1944 --- [localhost-startStop-1] o.s.b.c.embedded.FilterRegistrationBean  : Mapping filter: 'requestContextFilter' to: [/*]
2018-09-08 20:23:38.091  INFO 1944 --- [restartedMain] s.w.s.m.m.a.RequestMappingHandlerAdapter : Looking for @ControllerAdvice: org.springframework.boot.context.embedded.AnnotationConfigEmbeddedWebApplicationContext@55919fea: startup date [Sat Sep 08 20:23:35 CST 2018]; root of context hierarchy
2018-09-08 20:23:38.134  INFO 1944 --- [restartedMain] s.w.s.m.m.a.RequestMappingHandlerMapping : Mapped "{[/ || /index],methods=[GET]}" onto public java.lang.String com.baoning.website.controller.HomeController.index(org.springframework.ui.Model)
2018-09-08 20:23:38.135  INFO 1944 --- [restartedMain] s.w.s.m.m.a.RequestMappingHandlerMapping : Mapped "{[/user/{userId}],methods=[GET]}" onto public java.lang.String com.baoning.website.controller.HomeController.userIndex(org.springframework.ui.Model,int)
2018-09-08 20:23:38.137  INFO 1944 --- [restartedMain] s.w.s.m.m.a.RequestMappingHandlerMapping : Mapped "{[/error]}" onto public org.springframework.http.ResponseEntity<java.util.Map<java.lang.String, java.lang.Object>> org.springframework.boot.autoconfigure.web.BasicErrorController.error(javax.servlet.http.HttpServletRequest)
2018-09-08 20:23:38.138  INFO 1944 --- [restartedMain] s.w.s.m.m.a.RequestMappingHandlerMapping : Mapped "{[/error],produces=[text/html]}" onto public org.springframework.web.servlet.ModelAndView org.springframework.boot.autoconfigure.web.BasicErrorController.errorHtml(javax.servlet.http.HttpServletRequest,javax.servlet.http.HttpServletResponse)
2018-09-08 20:23:38.160  INFO 1944 --- [restartedMain] o.s.w.s.handler.SimpleUrlHandlerMapping  : Mapped URL path [/webjars/**] onto handler of type [class org.springframework.web.servlet.resource.ResourceHttpRequestHandler]
2018-09-08 20:23:38.161  INFO 1944 --- [restartedMain] o.s.w.s.handler.SimpleUrlHandlerMapping  : Mapped URL path [/**] onto handler of type [class org.springframework.web.servlet.resource.ResourceHttpRequestHandler]
2018-09-08 20:23:38.190  INFO 1944 --- [restartedMain] o.s.w.s.handler.SimpleUrlHandlerMapping  : Mapped URL path [/**/favicon.ico] onto handler of type [class org.springframework.web.servlet.resource.ResourceHttpRequestHandler]
2018-09-08 20:23:38.226  INFO 1944 --- [restartedMain] s.b.w.s.v.v.EmbeddedVelocityViewResolver : Using EmbeddedVelocityToolboxView instead of default VelocityView due to specified toolboxConfigLocation
2018-09-08 20:23:38.317  INFO 1944 --- [restartedMain] o.s.w.s.v.velocity.VelocityConfigurer    : ClasspathResourceLoader with name 'springMacro' added to configured VelocityEngine
2018-09-08 20:23:38.424  INFO 1944 --- [restartedMain] o.s.b.d.a.OptionalLiveReloadServer       : LiveReload server is running on port 35729
2018-09-08 20:23:38.462  INFO 1944 --- [restartedMain] o.s.j.e.a.AnnotationMBeanExporter        : Registering beans for JMX exposure on startup
2018-09-08 20:23:38.510  INFO 1944 --- [restartedMain] s.b.c.e.t.TomcatEmbeddedServletContainer : Tomcat started on port(s): 8080 (http)
2018-09-08 20:23:38.515  INFO 1944 --- [restartedMain] com.baoning.website.WebsiteApplication   : Started WebsiteApplication in 3.17 seconds (JVM running for 4.06)
2018-09-08 20:23:44.258  INFO 1944 --- [http-nio-8080-exec-1] o.a.c.c.C.[Tomcat].[localhost].[/]       : Initializing Spring FrameworkServlet 'dispatcherServlet'
2018-09-08 20:23:44.258  INFO 1944 --- [http-nio-8080-exec-1] o.s.web.servlet.DispatcherServlet        : FrameworkServlet 'dispatcherServlet': initialization started
2018-09-08 20:23:44.272  INFO 1944 --- [http-nio-8080-exec-1] o.s.web.servlet.DispatcherServlet        : FrameworkServlet 'dispatcherServlet': initialization completed in 14 ms
2018-09-08 20:23:44.564 ERROR 1944 --- [http-nio-8080-exec-1] org.apache.velocity                      : ResourceManager : unable to find resource 'index.html.html' in any resource loader.
2018-09-08 20:23:44.694  INFO 1944 --- [http-nio-8080-exec-1] o.a.v.t.v.servlet.ServletToolboxManager  : Using config file '/toolbox.xml'
2018-09-08 20:23:44.694  WARN 1944 --- [http-nio-8080-exec-1] o.a.v.tools.view.XMLToolboxManager       : XMLToolboxManager has been deprecated. Please use org.apache.velocity.tools.ToolboxFactory instead.
2018-09-08 20:23:44.694  WARN 1944 --- [http-nio-8080-exec-1] o.a.v.t.v.servlet.ServletToolboxManager  : ServletToolboxManager has been deprecated. Please use org.apache.velocity.tools.ToolboxFactory instead.
2018-09-08 20:23:46.018 ERROR 1944 --- [http-nio-8080-exec-9] org.apache.velocity                      : ResourceManager : unable to find resource 'index.html.html' in any resource loader.
2018-09-08 20:24:57.184 ERROR 1944 --- [http-nio-8080-exec-6] org.apache.velocity                      : ResourceManager : unable to find resource 'index.html.html' in any resource loader.
